生成启动时间为 15/6/13 22:52:53。
     1>项目“C:\workspace\Project\KinectToMouse\KinectToMouse\KinectToMouse\KinectToMouse.vcxproj”在节点 2 上(build 个目标)。
     1>InitializeBuildStatus:
         正在对“Debug\KinectToMouse.unsuccessfulbuild”执行 Touch 任务。
       ClCompile:
         C:\Program Files (x86)\Microsoft Visual Studio 10.0\VC\bin\CL.exe /c /ZI /nologo /W3 /WX- /Od /Oy- /D WIN32 /D _DEBUG /D _CONSOLE /D _UNICODE /D UNICODE /Gm /EHsc /RTC1 /MDd /GS /fp:precise /Zc:wchar_t /Zc:forScope /Fo"Debug\\" /Fd"Debug\vc100.pdb" /Gd /TP /analyze- /errorReport:prompt AppMessage.cpp KinectGestureMain.cpp
         KinectGestureMain.cpp
     1>c:\workspace\tools\opencv\build\include\opencv2\flann\logger.h(66): warning C4996: 'fopen': This function or variable may be unsafe. Consider using fopen_s instead. To disable deprecation, use _CRT_SECURE_NO_WARNINGS. See online help for details.
                 c:\program files (x86)\microsoft visual studio 10.0\vc\include\stdio.h(234) : 参见“fopen”的声明
     1>c:\workspace\tools\opencv\build\include\opencv2\flann\flann.hpp(233): warning C4996: 'cv::flann::Index_<T>': 被声明为已否决
                 c:\workspace\tools\opencv\build\include\opencv2\flann\flann.hpp(278): 参见对正在编译的类 模板 实例化“cv::flann::Index_<T>”的引用
     1>c:\workspace\project\kinecttomouse\kinecttomouse\kinecttomouse\kinectgesturemain.cpp(110): warning C4996: 'sprintf': This function or variable may be unsafe. Consider using sprintf_s instead. To disable deprecation, use _CRT_SECURE_NO_WARNINGS. See online help for details.
                 c:\program files (x86)\microsoft visual studio 10.0\vc\include\stdio.h(371) : 参见“sprintf”的声明
     1>c:\workspace\project\kinecttomouse\kinecttomouse\kinecttomouse\kinectgesturemain.cpp(114): warning C4996: 'sprintf': This function or variable may be unsafe. Consider using sprintf_s instead. To disable deprecation, use _CRT_SECURE_NO_WARNINGS. See online help for details.
                 c:\program files (x86)\microsoft visual studio 10.0\vc\include\stdio.h(371) : 参见“sprintf”的声明
     1>c:\workspace\project\kinecttomouse\kinecttomouse\kinecttomouse\kinectgesturemain.cpp(216): warning C4996: 'xn::Context::Shutdown': You may use Release() instead, or count on dtor
                 c:\program files (x86)\openni\include\xncppwrapper.h(5647) : 参见“xn::Context::Shutdown”的声明
         AppMessage.cpp
     1>c:\workspace\tools\opencv\build\include\opencv2\flann\flann.hpp(233): warning C4996: 'cv::flann::Index_<T>': 被声明为已否决
                 c:\workspace\tools\opencv\build\include\opencv2\flann\flann.hpp(278): 参见对正在编译的类 模板 实例化“cv::flann::Index_<T>”的引用
         正在生成代码...
       ManifestResourceCompile:
         C:\Program Files (x86)\Microsoft SDKs\Windows\v7.0A\bin\rc.exe /nologo /fo"Debug\KinectToMouse.exe.embed.manifest.res" Debug\KinectToMouse_manifest.rc 
       Link:
         C:\Program Files (x86)\Microsoft Visual Studio 10.0\VC\bin\link.exe /ERRORREPORT:PROMPT /OUT:"C:\workspace\Project\KinectToMouse\KinectToMouse\KinectToMouse\Debug\KinectToMouse.exe" /INCREMENTAL /NOLOGO /LIBPATH:C:\workspace\Tools\opencv\build\x86\vc10\lib openNI.lib opencv_calib3d231d.lib opencv_contrib231d.lib opencv_core231d.lib opencv_features2d231d.lib opencv_flann231d.lib opencv_gpu231d.lib opencv_highgui231d.lib opencv_imgproc231d.lib opencv_legacy231d.lib opencv_ml231d.lib opencv_objdetect231d.lib opencv_ts231d.lib opencv_video231d.lib kernel32.lib user32.lib gdi32.lib winspool.lib comdlg32.lib advapi32.lib shell32.lib ole32.lib oleaut32.lib uuid.lib odbc32.lib odbccp32.lib /MANIFEST /ManifestFile:"Debug\KinectToMouse.exe.intermediate.manifest" /MANIFESTUAC:"level='asInvoker' uiAccess='false'" /DEBUG /PDB:"C:\workspace\Project\KinectToMouse\KinectToMouse\KinectToMouse\Debug\KinectToMouse.pdb" /SUBSYSTEM:CONSOLE /TLBID:1 /DYNAMICBASE /NXCOMPAT /IMPLIB:"C:\workspace\Project\KinectToMouse\KinectToMouse\KinectToMouse\Debug\KinectToMouse.lib" /MACHINE:X86 Debug\KinectToMouse.exe.embed.manifest.res
         Debug\AppMessage.obj
         Debug\KinectGestureMain.obj
       Manifest:
         C:\Program Files (x86)\Microsoft SDKs\Windows\v7.0A\bin\mt.exe /nologo /verbose /out:"Debug\KinectToMouse.exe.embed.manifest" /manifest Debug\KinectToMouse.exe.intermediate.manifest
         C:\Program Files (x86)\Microsoft SDKs\Windows\v7.0A\bin\rc.exe /nologo /fo"Debug\KinectToMouse.exe.embed.manifest.res" Debug\KinectToMouse_manifest.rc 
       LinkEmbedManifest:
         C:\Program Files (x86)\Microsoft Visual Studio 10.0\VC\bin\link.exe /ERRORREPORT:PROMPT /OUT:"C:\workspace\Project\KinectToMouse\KinectToMouse\KinectToMouse\Debug\KinectToMouse.exe" /INCREMENTAL /NOLOGO /LIBPATH:C:\workspace\Tools\opencv\build\x86\vc10\lib openNI.lib opencv_calib3d231d.lib opencv_contrib231d.lib opencv_core231d.lib opencv_features2d231d.lib opencv_flann231d.lib opencv_gpu231d.lib opencv_highgui231d.lib opencv_imgproc231d.lib opencv_legacy231d.lib opencv_ml231d.lib opencv_objdetect231d.lib opencv_ts231d.lib opencv_video231d.lib kernel32.lib user32.lib gdi32.lib winspool.lib comdlg32.lib advapi32.lib shell32.lib ole32.lib oleaut32.lib uuid.lib odbc32.lib odbccp32.lib /MANIFEST /ManifestFile:"Debug\KinectToMouse.exe.intermediate.manifest" /MANIFESTUAC:"level='asInvoker' uiAccess='false'" /DEBUG /PDB:"C:\workspace\Project\KinectToMouse\KinectToMouse\KinectToMouse\Debug\KinectToMouse.pdb" /SUBSYSTEM:CONSOLE /TLBID:1 /DYNAMICBASE /NXCOMPAT /IMPLIB:"C:\workspace\Project\KinectToMouse\KinectToMouse\KinectToMouse\Debug\KinectToMouse.lib" /MACHINE:X86 Debug\KinectToMouse.exe.embed.manifest.res
         Debug\AppMessage.obj
         Debug\KinectGestureMain.obj
         KinectToMouse.vcxproj -> C:\workspace\Project\KinectToMouse\KinectToMouse\KinectToMouse\Debug\KinectToMouse.exe
       FinalizeBuildStatus:
         正在删除文件“Debug\KinectToMouse.unsuccessfulbuild”。
         正在对“Debug\KinectToMouse.lastbuildstate”执行 Touch 任务。
     1>已完成生成项目“C:\workspace\Project\KinectToMouse\KinectToMouse\KinectToMouse\KinectToMouse.vcxproj”(build 个目标)的操作。

生成成功。

已用时间 00:00:04.74
