C:\workspace\Project\KinectToMouse\KinectToMouse\KinectToMouse\Debug\MouseDemo.pdb
C:\workspace\Project\KinectToMouse\KinectToMouse\MouseDemo\Debug\cl.command.1.tlog
C:\workspace\Project\KinectToMouse\KinectToMouse\MouseDemo\Debug\CL.read.1.tlog
C:\workspace\Project\KinectToMouse\KinectToMouse\MouseDemo\Debug\CL.write.1.tlog
C:\workspace\Project\KinectToMouse\KinectToMouse\MouseDemo\Debug\link.command.1.tlog
C:\workspace\Project\KinectToMouse\KinectToMouse\MouseDemo\Debug\link.read.1.tlog
C:\workspace\Project\KinectToMouse\KinectToMouse\MouseDemo\Debug\link.write.1.tlog
C:\workspace\Project\KinectToMouse\KinectToMouse\MouseDemo\Debug\link-cvtres.read.1.tlog
C:\workspace\Project\KinectToMouse\KinectToMouse\MouseDemo\Debug\link-cvtres.write.1.tlog
C:\workspace\Project\KinectToMouse\KinectToMouse\MouseDemo\Debug\MouseDemo.exe.embed.manifest
C:\WORKSPACE\PROJECT\KINECTTOMOUSE\KINECTTOMOUSE\MOUSEDEMO\DEBUG\MOUSEDEMO.EXE.EMBED.MANIFEST.RES
C:\workspace\Project\KinectToMouse\KinectToMouse\MouseDemo\Debug\MouseDemo.exe.intermediate.manifest
C:\workspace\Project\KinectToMouse\KinectToMouse\MouseDemo\Debug\MouseDemo.write.1.tlog
C:\workspace\Project\KinectToMouse\KinectToMouse\MouseDemo\Debug\MouseDemo_manifest.rc
C:\WORKSPACE\PROJECT\KINECTTOMOUSE\KINECTTOMOUSE\MOUSEDEMO\DEBUG\MOUSETEST.OBJ
C:\workspace\Project\KinectToMouse\KinectToMouse\MouseDemo\Debug\rc.command.1.tlog
C:\workspace\Project\KinectToMouse\KinectToMouse\MouseDemo\Debug\rc.read.1.tlog
C:\workspace\Project\KinectToMouse\KinectToMouse\MouseDemo\Debug\rc.write.1.tlog
C:\workspace\Project\KinectToMouse\KinectToMouse\MouseDemo\Debug\vc100.idb
C:\WORKSPACE\PROJECT\KINECTTOMOUSE\KINECTTOMOUSE\MOUSEDEMO\DEBUG\VC100.PDB
