生成启动时间为 15/6/15 00:14:36。
     1>项目“C:\workspace\Project\KinectToMouse\KinectToMouse\MouseDemo\MouseDemo.vcxproj”在节点 2 上(build 个目标)。
     1>InitializeBuildStatus:
         正在对“Debug\MouseDemo.unsuccessfulbuild”执行 Touch 任务。
       ClCompile:
         c:\Program Files (x86)\Microsoft Visual Studio 10.0\VC\bin\CL.exe /c /ZI /nologo /W3 /WX- /Od /Oy- /D WIN32 /D _DEBUG /D _CONSOLE /D _UNICODE /D UNICODE /Gm /EHsc /RTC1 /MDd /GS /fp:precise /Zc:wchar_t /Zc:forScope /Fo"Debug\\" /Fd"Debug\vc100.pdb" /Gd /TP /analyze- /errorReport:prompt MouseTest.cpp
         MouseTest.cpp
       ManifestResourceCompile:
         所有输出均为最新。
       Link:
         c:\Program Files (x86)\Microsoft Visual Studio 10.0\VC\bin\link.exe /ERRORREPORT:PROMPT /OUT:"C:\workspace\Project\KinectToMouse\KinectToMouse\KinectToMouse\Debug\MouseDemo.exe" /INCREMENTAL /NOLOGO MSVCRTD.lib kernel32.lib user32.lib gdi32.lib winspool.lib comdlg32.lib advapi32.lib shell32.lib ole32.lib oleaut32.lib uuid.lib odbc32.lib odbccp32.lib /MANIFEST /ManifestFile:"Debug\MouseDemo.exe.intermediate.manifest" /MANIFESTUAC:"level='asInvoker' uiAccess='false'" /DEBUG /PDB:"C:\workspace\Project\KinectToMouse\KinectToMouse\KinectToMouse\Debug\MouseDemo.pdb" /SUBSYSTEM:WINDOWS /TLBID:1 /DYNAMICBASE /NXCOMPAT /IMPLIB:"C:\workspace\Project\KinectToMouse\KinectToMouse\KinectToMouse\Debug\MouseDemo.lib" /MACHINE:X86 Debug\MouseDemo.exe.embed.manifest.res
         Debug\MouseTest.obj
       Manifest:
         C:\Program Files (x86)\Microsoft SDKs\Windows\v7.0A\bin\mt.exe /nologo /verbose /out:"Debug\MouseDemo.exe.embed.manifest" /manifest Debug\MouseDemo.exe.intermediate.manifest
         C:\Program Files (x86)\Microsoft SDKs\Windows\v7.0A\bin\rc.exe /nologo /fo"Debug\MouseDemo.exe.embed.manifest.res" Debug\MouseDemo_manifest.rc 
       LinkEmbedManifest:
         c:\Program Files (x86)\Microsoft Visual Studio 10.0\VC\bin\link.exe /ERRORREPORT:PROMPT /OUT:"C:\workspace\Project\KinectToMouse\KinectToMouse\KinectToMouse\Debug\MouseDemo.exe" /INCREMENTAL /NOLOGO MSVCRTD.lib kernel32.lib user32.lib gdi32.lib winspool.lib comdlg32.lib advapi32.lib shell32.lib ole32.lib oleaut32.lib uuid.lib odbc32.lib odbccp32.lib /MANIFEST /ManifestFile:"Debug\MouseDemo.exe.intermediate.manifest" /MANIFESTUAC:"level='asInvoker' uiAccess='false'" /DEBUG /PDB:"C:\workspace\Project\KinectToMouse\KinectToMouse\KinectToMouse\Debug\MouseDemo.pdb" /SUBSYSTEM:WINDOWS /TLBID:1 /DYNAMICBASE /NXCOMPAT /IMPLIB:"C:\workspace\Project\KinectToMouse\KinectToMouse\KinectToMouse\Debug\MouseDemo.lib" /MACHINE:X86 Debug\MouseDemo.exe.embed.manifest.res
         Debug\MouseTest.obj
         MouseDemo.vcxproj -> C:\workspace\Project\KinectToMouse\KinectToMouse\KinectToMouse\Debug\MouseDemo.exe
       FinalizeBuildStatus:
         正在删除文件“Debug\MouseDemo.unsuccessfulbuild”。
         正在对“Debug\MouseDemo.lastbuildstate”执行 Touch 任务。
     1>已完成生成项目“C:\workspace\Project\KinectToMouse\KinectToMouse\MouseDemo\MouseDemo.vcxproj”(build 个目标)的操作。

生成成功。

已用时间 00:00:01.62
